{"numFailedTestSuites":0,"numFailedTests":0,"numPassedTestSuites":5,"numPassedTests":108,"numPendingTestSuites":0,"numPendingTests":0,"numRuntimeErrorTestSuites":0,"numTodoTests":0,"numTotalTestSuites":5,"numTotalTests":108,"openHandles":[],"snapshot":{"added":0,"didUpdate":false,"failure":false,"filesAdded":0,"filesRemoved":0,"filesRemovedList":[],"filesUnmatched":0,"filesUpdated":0,"matched":0,"total":0,"unchecked":0,"uncheckedKeysByFile":[],"unmatched":0,"updated":0},"startTime":1777382492669,"success":true,"testResults":[{"assertionResults":[{"ancestorTitles":["loginUser"],"duration":1,"failureDetails":[],"failureMessages":[],"fullName":"loginUser returns token and refreshToken for valid credentials","invocations":1,"location":null,"numPassingAsserts":2,"retryReasons":[],"status":"passed","title":"returns token and refreshToken for valid credentials"},{"ancestorTitles":["loginUser"],"duration":3,"failureDetails":[],"failureMessages":[],"fullName":"loginUser throws when email missing","invocations":1,"location":null,"numPassingAsserts":1,"retryReasons":[],"status":"passed","title":"throws when email missing"},{"ancestorTitles":["loginUser"],"duration":0,"failureDetails":[],"failureMessages":[],"fullName":"loginUser throws when password missing","invocations":1,"location":null,"numPassingAsserts":1,"retryReasons":[],"status":"passed","title":"throws when password missing"},{"ancestorTitles":["loginUser"],"duration":1,"failureDetails":[],"failureMessages":[],"fullName":"loginUser throws when both fields missing","invocations":1,"location":null,"numPassingAsserts":1,"retryReasons":[],"status":"passed","title":"throws when both fields missing"},{"ancestorTitles":["loginUser"],"duration":0,"failureDetails":[],"failureMessages":[],"fullName":"loginUser throws when user not found","invocations":1,"location":null,"numPassingAsserts":1,"retryReasons":[],"status":"passed","title":"throws when user not found"},{"ancestorTitles":["loginUser"],"duration":0,"failureDetails":[],"failureMessages":[],"fullName":"loginUser throws when password wrong","invocations":1,"location":null,"numPassingAsserts":1,"retryReasons":[],"status":"passed","title":"throws when password wrong"},{"ancestorTitles":["loginUser"],"duration":0,"failureDetails":[],"failureMessages":[],"fullName":"loginUser propagates DB error","invocations":1,"location":null,"numPassingAsserts":1,"retryReasons":[],"status":"passed","title":"propagates DB error"},{"ancestorTitles":["loginUser"],"duration":0,"failureDetails":[],"failureMessages":[],"fullName":"loginUser does not call bcrypt when user not found (short-circuit)","invocations":1,"location":null,"numPassingAsserts":2,"retryReasons":[],"status":"passed","title":"does not call bcrypt when user not found (short-circuit)"},{"ancestorTitles":["loginUser"],"duration":0,"failureDetails":[],"failureMessages":[],"fullName":"loginUser handles null email","invocations":1,"location":null,"numPassingAsserts":1,"retryReasons":[],"status":"passed","title":"handles null email"},{"ancestorTitles":["loginUser"],"duration":1,"failureDetails":[],"failureMessages":[],"fullName":"loginUser handles null password","invocations":1,"location":null,"numPassingAsserts":1,"retryReasons":[],"status":"passed","title":"handles null password"},{"ancestorTitles":["loginUser"],"duration":0,"failureDetails":[],"failureMessages":[],"fullName":"loginUser signs token with user id and role","invocations":1,"location":null,"numPassingAsserts":1,"retryReasons":[],"status":"passed","title":"signs token with user id and role"},{"ancestorTitles":["loginUser"],"duration":0,"failureDetails":[],"failureMessages":[],"fullName":"loginUser signs refresh token with 7d expiry","invocations":1,"location":null,"numPassingAsserts":1,"retryReasons":[],"status":"passed","title":"signs refresh token with 7d expiry"},{"ancestorTitles":["refreshToken"],"duration":0,"failureDetails":[],"failureMessages":[],"fullName":"refreshToken returns new access token for valid refresh token","invocations":1,"location":null,"numPassingAsserts":2,"retryReasons":[],"status":"passed","title":"returns new access token for valid refresh token"},{"ancestorTitles":["refreshToken"],"duration":0,"failureDetails":[],"failureMessages":[],"fullName":"refreshToken throws for invalid token","invocations":1,"location":null,"numPassingAsserts":1,"retryReasons":[],"status":"passed","title":"throws for invalid token"},{"ancestorTitles":["refreshToken"],"duration":0,"failureDetails":[],"failureMessages":[],"fullName":"refreshToken throws for expired token","invocations":1,"location":null,"numPassingAsserts":1,"retryReasons":[],"status":"passed","title":"throws for expired token"},{"ancestorTitles":["refreshToken"],"duration":0,"failureDetails":[],"failureMessages":[],"fullName":"refreshToken signs new token with 1h expiry","invocations":1,"location":null,"numPassingAsserts":1,"retryReasons":[],"status":"passed","title":"signs new token with 1h expiry"},{"ancestorTitles":["getUserById"],"duration":1,"failureDetails":[],"failureMessages":[],"fullName":"getUserById returns user when found","invocations":1,"location":null,"numPassingAsserts":2,"retryReasons":[],"status":"passed","title":"returns user when found"},{"ancestorTitles":["getUserById"],"duration":0,"failureDetails":[],"failureMessages":[],"fullName":"getUserById returns null when not found","invocations":1,"location":null,"numPassingAsserts":1,"retryReasons":[],"status":"passed","title":"returns null when not found"},{"ancestorTitles":["getUserById"],"duration":0,"failureDetails":[],"failureMessages":[],"fullName":"getUserById propagates DB error","invocations":1,"location":null,"numPassingAsserts":1,"retryReasons":[],"status":"passed","title":"propagates DB error"},{"ancestorTitles":["getUserById"],"duration":0,"failureDetails":[],"failureMessages":[],"fullName":"getUserById handles empty string id","invocations":1,"location":null,"numPassingAsserts":1,"retryReasons":[],"status":"passed","title":"handles empty string id"},{"ancestorTitles":["getAllUsers"],"duration":0,"failureDetails":[],"failureMessages":[],"fullName":"getAllUsers returns paginated users and total","invocations":1,"location":null,"numPassingAsserts":1,"retryReasons":[],"status":"passed","title":"returns paginated users and total"},{"ancestorTitles":["getAllUsers"],"duration":0,"failureDetails":[],"failureMessages":[],"fullName":"getAllUsers computes correct offset for page 2","invocations":1,"location":null,"numPassingAsserts":1,"retryReasons":[],"status":"passed","title":"computes correct offset for page 2"},{"ancestorTitles":["getAllUsers"],"duration":0,"failureDetails":[],"failureMessages":[],"fullName":"getAllUsers computes offset=0 for page 1","invocations":1,"location":null,"numPassingAsserts":1,"retryReasons":[],"status":"passed","title":"computes offset=0 for page 1"},{"ancestorTitles":["getAllUsers"],"duration":0,"failureDetails":[],"failureMessages":[],"fullName":"getAllUsers returns total as integer, not string","invocations":1,"location":null,"numPassingAsserts":2,"retryReasons":[],"status":"passed","title":"returns total as integer, not string"},{"ancestorTitles":["getAllUsers"],"duration":0,"failureDetails":[],"failureMessages":[],"fullName":"getAllUsers returns empty array when no users","invocations":1,"location":null,"numPassingAsserts":2,"retryReasons":[],"status":"passed","title":"returns empty array when no users"},{"ancestorTitles":["createUser"],"duration":0,"failureDetails":[],"failureMessages":[],"fullName":"createUser creates and returns user for valid input","invocations":1,"location":null,"numPassingAsserts":2,"retryReasons":[],"status":"passed","title":"creates and returns user for valid input"},{"ancestorTitles":["createUser"],"duration":0,"failureDetails":[],"failureMessages":[],"fullName":"createUser throws when email already exists","invocations":1,"location":null,"numPassingAsserts":1,"retryReasons":[],"status":"passed","title":"throws when email already exists"},{"ancestorTitles":["createUser"],"duration":0,"failureDetails":[],"failureMessages":[],"fullName":"createUser does not store plain password — stores hash","invocations":1,"location":null,"numPassingAsserts":2,"retryReasons":[],"status":"passed","title":"does not store plain password — stores hash"},{"ancestorTitles":["createUser"],"duration":1,"failureDetails":[],"failureMessages":[],"fullName":"createUser propagates bcrypt error","invocations":1,"location":null,"numPassingAsserts":1,"retryReasons":[],"status":"passed","title":"propagates bcrypt error"},{"ancestorTitles":["createUser"],"duration":0,"failureDetails":[],"failureMessages":[],"fullName":"createUser handles unicode in name","invocations":1,"location":null,"numPassingAsserts":1,"retryReasons":[],"status":"passed","title":"handles unicode in name"},{"ancestorTitles":["updateUser"],"duration":0,"failureDetails":[],"failureMessages":[],"fullName":"updateUser updates and returns user","invocations":1,"location":null,"numPassingAsserts":2,"retryReasons":[],"status":"passed","title":"updates and returns user"},{"ancestorTitles":["updateUser"],"duration":0,"failureDetails":[],"failureMessages":[],"fullName":"updateUser strips passwordHash from updates (cannot change password via this method)","invocations":1,"location":null,"numPassingAsserts":1,"retryReasons":[],"status":"passed","title":"strips passwordHash from updates (cannot change password via this method)"},{"ancestorTitles":["updateUser"],"duration":0,"failureDetails":[],"failureMessages":[],"fullName":"updateUser strips role from updates (cannot escalate role via this method)","invocations":1,"location":null,"numPassingAsserts":1,"retryReasons":[],"status":"passed","title":"strips role from updates (cannot escalate role via this method)"},{"ancestorTitles":["deleteUser"],"duration":0,"failureDetails":[],"failureMessages":[],"fullName":"deleteUser calls DELETE query with correct id","invocations":1,"location":null,"numPassingAsserts":1,"retryReasons":[],"status":"passed","title":"calls DELETE query with correct id"},{"ancestorTitles":["deleteUser"],"duration":0,"failureDetails":[],"failureMessages":[],"fullName":"deleteUser propagates DB error","invocations":1,"location":null,"numPassingAsserts":1,"retryReasons":[],"status":"passed","title":"propagates DB error"}],"endTime":1777382493200,"message":"","name":"/Users/bechorsimhaev/Desktop/code/qa-skills/test/fixtures/typescript-express/tests/unit/services/userService.test.ts","startTime":1777382492745,"status":"passed","summary":""},{"assertionResults":[{"ancestorTitles":["GET /users (list)"],"duration":7,"failureDetails":[],"failureMessages":[],"fullName":"GET /users (list) returns 200 with items and total for authenticated user","invocations":1,"location":null,"numPassingAsserts":4,"retryReasons":[],"status":"passed","title":"returns 200 with items and total for authenticated user"},{"ancestorTitles":["GET /users (list)"],"duration":1,"failureDetails":[],"failureMessages":[],"fullName":"GET /users (list) returns 401 without Authorization header","invocations":1,"location":null,"numPassingAsserts":1,"retryReasons":[],"status":"passed","title":"returns 401 without Authorization header"},{"ancestorTitles":["GET /users (list)"],"duration":1,"failureDetails":[],"failureMessages":[],"fullName":"GET /users (list) returns 401 for invalid token","invocations":1,"location":null,"numPassingAsserts":1,"retryReasons":[],"status":"passed","title":"returns 401 for invalid token"},{"ancestorTitles":["GET /users (list)"],"duration":1,"failureDetails":[],"failureMessages":[],"fullName":"GET /users (list) returns 401 for expired token","invocations":1,"location":null,"numPassingAsserts":2,"retryReasons":[],"status":"passed","title":"returns 401 for expired token"},{"ancestorTitles":["GET /users (list)"],"duration":1,"failureDetails":[],"failureMessages":[],"fullName":"GET /users (list) supports pagination with page and limit","invocations":1,"location":null,"numPassingAsserts":3,"retryReasons":[],"status":"passed","title":"supports pagination with page and limit"},{"ancestorTitles":["GET /users (list)"],"duration":0,"failureDetails":[],"failureMessages":[],"fullName":"GET /users (list) defaults page=1 and limit=10 when not provided","invocations":1,"location":null,"numPassingAsserts":2,"retryReasons":[],"status":"passed","title":"defaults page=1 and limit=10 when not provided"},{"ancestorTitles":["GET /users (list)"],"duration":1,"failureDetails":[],"failureMessages":[],"fullName":"GET /users (list) returns empty items array for out-of-range page","invocations":1,"location":null,"numPassingAsserts":2,"retryReasons":[],"status":"passed","title":"returns empty items array for out-of-range page"},{"ancestorTitles":["GET /users (list)"],"duration":1,"failureDetails":[],"failureMessages":[],"fullName":"GET /users (list) GET does not mutate total count (idempotent)","invocations":1,"location":null,"numPassingAsserts":1,"retryReasons":[],"status":"passed","title":"GET does not mutate total count (idempotent)"},{"ancestorTitles":["GET /users/me"],"duration":1,"failureDetails":[],"failureMessages":[],"fullName":"GET /users/me returns current user without passwordHash","invocations":1,"location":null,"numPassingAsserts":4,"retryReasons":[],"status":"passed","title":"returns current user without passwordHash"},{"ancestorTitles":["GET /users/me"],"duration":0,"failureDetails":[],"failureMessages":[],"fullName":"GET /users/me returns 404 when userId not found in DB","invocations":1,"location":null,"numPassingAsserts":1,"retryReasons":[],"status":"passed","title":"returns 404 when userId not found in DB"},{"ancestorTitles":["GET /users/me"],"duration":1,"failureDetails":[],"failureMessages":[],"fullName":"GET /users/me returns 401 without auth","invocations":1,"location":null,"numPassingAsserts":1,"retryReasons":[],"status":"passed","title":"returns 401 without auth"},{"ancestorTitles":["GET /users/:id"],"duration":0,"failureDetails":[],"failureMessages":[],"fullName":"GET /users/:id returns user by id without passwordHash","invocations":1,"location":null,"numPassingAsserts":2,"retryReasons":[],"status":"passed","title":"returns user by id without passwordHash"},{"ancestorTitles":["GET /users/:id"],"duration":1,"failureDetails":[],"failureMessages":[],"fullName":"GET /users/:id returns 404 for non-existent id","invocations":1,"location":null,"numPassingAsserts":2,"retryReasons":[],"status":"passed","title":"returns 404 for non-existent id"},{"ancestorTitles":["GET /users/:id"],"duration":0,"failureDetails":[],"failureMessages":[],"fullName":"GET /users/:id returns 401 without auth","invocations":1,"location":null,"numPassingAsserts":1,"retryReasons":[],"status":"passed","title":"returns 401 without auth"},{"ancestorTitles":["POST /users"],"duration":158,"failureDetails":[],"failureMessages":[],"fullName":"POST /users returns 201 with created user for valid input","invocations":1,"location":null,"numPassingAsserts":3,"retryReasons":[],"status":"passed","title":"returns 201 with created user for valid input"},{"ancestorTitles":["POST /users"],"duration":1,"failureDetails":[],"failureMessages":[],"fullName":"POST /users returns 401 without auth","invocations":1,"location":null,"numPassingAsserts":1,"retryReasons":[],"status":"passed","title":"returns 401 without auth"},{"ancestorTitles":["POST /users"],"duration":154,"failureDetails":[],"failureMessages":[],"fullName":"POST /users does not persist role from client input (mass assignment protection)","invocations":1,"location":null,"numPassingAsserts":1,"retryReasons":[],"status":"passed","title":"does not persist role from client input (mass assignment protection)"},{"ancestorTitles":["PUT /users/:id"],"duration":1,"failureDetails":[],"failureMessages":[],"fullName":"PUT /users/:id returns updated user","invocations":1,"location":null,"numPassingAsserts":2,"retryReasons":[],"status":"passed","title":"returns updated user"},{"ancestorTitles":["PUT /users/:id"],"duration":1,"failureDetails":[],"failureMessages":[],"fullName":"PUT /users/:id returns same result on repeated identical PUTs (idempotent)","invocations":1,"location":null,"numPassingAsserts":1,"retryReasons":[],"status":"passed","title":"returns same result on repeated identical PUTs (idempotent)"},{"ancestorTitles":["PUT /users/:id"],"duration":1,"failureDetails":[],"failureMessages":[],"fullName":"PUT /users/:id returns 401 without auth","invocations":1,"location":null,"numPassingAsserts":1,"retryReasons":[],"status":"passed","title":"returns 401 without auth"},{"ancestorTitles":["DELETE /users/:id"],"duration":0,"failureDetails":[],"failureMessages":[],"fullName":"DELETE /users/:id returns 204 on success","invocations":1,"location":null,"numPassingAsserts":1,"retryReasons":[],"status":"passed","title":"returns 204 on success"},{"ancestorTitles":["DELETE /users/:id"],"duration":0,"failureDetails":[],"failureMessages":[],"fullName":"DELETE /users/:id returns 401 without auth","invocations":1,"location":null,"numPassingAsserts":1,"retryReasons":[],"status":"passed","title":"returns 401 without auth"}],"endTime":1777382493594,"message":"","name":"/Users/bechorsimhaev/Desktop/code/qa-skills/test/fixtures/typescript-express/tests/api/users.api.test.ts","startTime":1777382493202,"status":"passed","summary":""},{"assertionResults":[{"ancestorTitles":["authMiddleware"],"duration":0,"failureDetails":[],"failureMessages":[],"fullName":"authMiddleware calls next() and sets userId/userRole for valid token","invocations":1,"location":null,"numPassingAsserts":3,"retryReasons":[],"status":"passed","title":"calls next() and sets userId/userRole for valid token"},{"ancestorTitles":["authMiddleware"],"duration":0,"failureDetails":[],"failureMessages":[],"fullName":"authMiddleware returns 401 when Authorization header missing","invocations":1,"location":null,"numPassingAsserts":3,"retryReasons":[],"status":"passed","title":"returns 401 when Authorization header missing"},{"ancestorTitles":["authMiddleware"],"duration":0,"failureDetails":[],"failureMessages":[],"fullName":"authMiddleware returns 401 when Authorization header has wrong format (no Bearer)","invocations":1,"location":null,"numPassingAsserts":2,"retryReasons":[],"status":"passed","title":"returns 401 when Authorization header has wrong format (no Bearer)"},{"ancestorTitles":["authMiddleware"],"duration":0,"failureDetails":[],"failureMessages":[],"fullName":"authMiddleware returns 401 for expired token with specific message","invocations":1,"location":null,"numPassingAsserts":3,"retryReasons":[],"status":"passed","title":"returns 401 for expired token with specific message"},{"ancestorTitles":["authMiddleware"],"duration":0,"failureDetails":[],"failureMessages":[],"fullName":"authMiddleware returns 401 for invalid token signature","invocations":1,"location":null,"numPassingAsserts":3,"retryReasons":[],"status":"passed","title":"returns 401 for invalid token signature"},{"ancestorTitles":["authMiddleware"],"duration":0,"failureDetails":[],"failureMessages":[],"fullName":"authMiddleware returns 401 for empty Bearer token","invocations":1,"location":null,"numPassingAsserts":2,"retryReasons":[],"status":"passed","title":"returns 401 for empty Bearer token"},{"ancestorTitles":["authMiddleware"],"duration":1,"failureDetails":[],"failureMessages":[],"fullName":"authMiddleware does not expose internal error message for unknown jwt errors","invocations":1,"location":null,"numPassingAsserts":1,"retryReasons":[],"status":"passed","title":"does not expose internal error message for unknown jwt errors"},{"ancestorTitles":["authMiddleware"],"duration":0,"failureDetails":[],"failureMessages":[],"fullName":"authMiddleware strips Bearer prefix before passing to jwt.verify","invocations":1,"location":null,"numPassingAsserts":1,"retryReasons":[],"status":"passed","title":"strips Bearer prefix before passing to jwt.verify"},{"ancestorTitles":["requireRole"],"duration":0,"failureDetails":[],"failureMessages":[],"fullName":"requireRole calls next() when role matches","invocations":1,"location":null,"numPassingAsserts":1,"retryReasons":[],"status":"passed","title":"calls next() when role matches"},{"ancestorTitles":["requireRole"],"duration":0,"failureDetails":[],"failureMessages":[],"fullName":"requireRole returns 403 when role does not match","invocations":1,"location":null,"numPassingAsserts":3,"retryReasons":[],"status":"passed","title":"returns 403 when role does not match"},{"ancestorTitles":["requireRole"],"duration":0,"failureDetails":[],"failureMessages":[],"fullName":"requireRole returns 403 when userRole is undefined","invocations":1,"location":null,"numPassingAsserts":2,"retryReasons":[],"status":"passed","title":"returns 403 when userRole is undefined"},{"ancestorTitles":["requireRole"],"duration":0,"failureDetails":[],"failureMessages":[],"fullName":"requireRole is case-sensitive for role comparison","invocations":1,"location":null,"numPassingAsserts":2,"retryReasons":[],"status":"passed","title":"is case-sensitive for role comparison"}],"endTime":1777382493606,"message":"","name":"/Users/bechorsimhaev/Desktop/code/qa-skills/test/fixtures/typescript-express/tests/unit/middleware/auth.test.ts","startTime":1777382493595,"status":"passed","summary":""},{"assertionResults":[{"ancestorTitles":["JWT algorithm confusion attack"],"duration":3,"failureDetails":[],"failureMessages":[],"fullName":"JWT algorithm confusion attack rejects token signed with alg=none","invocations":1,"location":null,"numPassingAsserts":1,"retryReasons":[],"status":"passed","title":"rejects token signed with alg=none"},{"ancestorTitles":["JWT algorithm confusion attack"],"duration":1,"failureDetails":[],"failureMessages":[],"fullName":"JWT algorithm confusion attack rejects forged admin token","invocations":1,"location":null,"numPassingAsserts":1,"retryReasons":[],"status":"passed","title":"rejects forged admin token"},{"ancestorTitles":["Auth bypass via missing/malformed tokens"],"duration":3,"failureDetails":[],"failureMessages":[],"fullName":"Auth bypass via missing/malformed tokens protected routes return 401 with no Authorization header","invocations":1,"location":null,"numPassingAsserts":6,"retryReasons":[],"status":"passed","title":"protected routes return 401 with no Authorization header"},{"ancestorTitles":["Auth bypass via missing/malformed tokens"],"duration":0,"failureDetails":[],"failureMessages":[],"fullName":"Auth bypass via missing/malformed tokens returns 401 for Authorization without Bearer prefix","invocations":1,"location":null,"numPassingAsserts":1,"retryReasons":[],"status":"passed","title":"returns 401 for Authorization without Bearer prefix"},{"ancestorTitles":["Auth bypass via missing/malformed tokens"],"duration":0,"failureDetails":[],"failureMessages":[],"fullName":"Auth bypass via missing/malformed tokens returns 401 for empty Authorization header","invocations":1,"location":null,"numPassingAsserts":1,"retryReasons":[],"status":"passed","title":"returns 401 for empty Authorization header"},{"ancestorTitles":["Auth bypass via missing/malformed tokens"],"duration":1,"failureDetails":[],"failureMessages":[],"fullName":"Auth bypass via missing/malformed tokens returns 401 for Bearer with empty token","invocations":1,"location":null,"numPassingAsserts":1,"retryReasons":[],"status":"passed","title":"returns 401 for Bearer with empty token"},{"ancestorTitles":["SQL Injection in auth endpoints"],"duration":0,"failureDetails":[],"failureMessages":[],"fullName":"SQL Injection in auth endpoints rejects SQL injection payload in login email: ' OR '1'='1","invocations":1,"location":null,"numPassingAsserts":2,"retryReasons":[],"status":"passed","title":"rejects SQL injection payload in login email: ' OR '1'='1"},{"ancestorTitles":["SQL Injection in auth endpoints"],"duration":1,"failureDetails":[],"failureMessages":[],"fullName":"SQL Injection in auth endpoints does not return 500 for SQL payload: ' OR '1'='1","invocations":1,"location":null,"numPassingAsserts":1,"retryReasons":[],"status":"passed","title":"does not return 500 for SQL payload: ' OR '1'='1"},{"ancestorTitles":["SQL Injection in auth endpoints"],"duration":0,"failureDetails":[],"failureMessages":[],"fullName":"SQL Injection in auth endpoints rejects SQL injection payload in login email: '; DROP TABLE users; --","invocations":1,"location":null,"numPassingAsserts":2,"retryReasons":[],"status":"passed","title":"rejects SQL injection payload in login email: '; DROP TABLE users; --"},{"ancestorTitles":["SQL Injection in auth endpoints"],"duration":1,"failureDetails":[],"failureMessages":[],"fullName":"SQL Injection in auth endpoints does not return 500 for SQL payload: '; DROP TABLE users; --","invocations":1,"location":null,"numPassingAsserts":1,"retryReasons":[],"status":"passed","title":"does not return 500 for SQL payload: '; DROP TABLE users; --"},{"ancestorTitles":["SQL Injection in auth endpoints"],"duration":0,"failureDetails":[],"failureMessages":[],"fullName":"SQL Injection in auth endpoints rejects SQL injection payload in login email: admin'--","invocations":1,"location":null,"numPassingAsserts":2,"retryReasons":[],"status":"passed","title":"rejects SQL injection payload in login email: admin'--"},{"ancestorTitles":["SQL Injection in auth endpoints"],"duration":0,"failureDetails":[],"failureMessages":[],"fullName":"SQL Injection in auth endpoints does not return 500 for SQL payload: admin'--","invocations":1,"location":null,"numPassingAsserts":1,"retryReasons":[],"status":"passed","title":"does not return 500 for SQL payload: admin'--"},{"ancestorTitles":["SQL Injection in auth endpoints"],"duration":1,"failureDetails":[],"failureMessages":[],"fullName":"SQL Injection in auth endpoints rejects SQL injection payload in login email: ' OR 1=1--","invocations":1,"location":null,"numPassingAsserts":2,"retryReasons":[],"status":"passed","title":"rejects SQL injection payload in login email: ' OR 1=1--"},{"ancestorTitles":["SQL Injection in auth endpoints"],"duration":0,"failureDetails":[],"failureMessages":[],"fullName":"SQL Injection in auth endpoints does not return 500 for SQL payload: ' OR 1=1--","invocations":1,"location":null,"numPassingAsserts":1,"retryReasons":[],"status":"passed","title":"does not return 500 for SQL payload: ' OR 1=1--"},{"ancestorTitles":["SQL Injection in auth endpoints"],"duration":1,"failureDetails":[],"failureMessages":[],"fullName":"SQL Injection in auth endpoints rejects SQL injection payload in login email: 1' UNION SELECT null, null, nu","invocations":1,"location":null,"numPassingAsserts":2,"retryReasons":[],"status":"passed","title":"rejects SQL injection payload in login email: 1' UNION SELECT null, null, nu"},{"ancestorTitles":["SQL Injection in auth endpoints"],"duration":0,"failureDetails":[],"failureMessages":[],"fullName":"SQL Injection in auth endpoints does not return 500 for SQL payload: 1' UNION SELECT null, null, nu","invocations":1,"location":null,"numPassingAsserts":1,"retryReasons":[],"status":"passed","title":"does not return 500 for SQL payload: 1' UNION SELECT null, null, nu"},{"ancestorTitles":["SQL Injection in auth endpoints"],"duration":0,"failureDetails":[],"failureMessages":[],"fullName":"SQL Injection in auth endpoints does not expose DB error messages in login response","invocations":1,"location":null,"numPassingAsserts":4,"retryReasons":[],"status":"passed","title":"does not expose DB error messages in login response"},{"ancestorTitles":["Privilege escalation"],"duration":0,"failureDetails":[],"failureMessages":[],"fullName":"Privilege escalation cannot escalate own role to admin via PUT /users/:id","invocations":1,"location":null,"numPassingAsserts":1,"retryReasons":[],"status":"passed","title":"cannot escalate own role to admin via PUT /users/:id"},{"ancestorTitles":["Mass assignment protection"],"duration":0,"failureDetails":[],"failureMessages":[],"fullName":"Mass assignment protection POST /users ignores role field in body","invocations":1,"location":null,"numPassingAsserts":1,"retryReasons":[],"status":"passed","title":"POST /users ignores role field in body"},{"ancestorTitles":["Mass assignment protection"],"duration":1,"failureDetails":[],"failureMessages":[],"fullName":"Mass assignment protection POST /users ignores passwordHash field in body","invocations":1,"location":null,"numPassingAsserts":1,"retryReasons":[],"status":"passed","title":"POST /users ignores passwordHash field in body"},{"ancestorTitles":["Sensitive data exposure"],"duration":0,"failureDetails":[],"failureMessages":[],"fullName":"Sensitive data exposure GET /users/me does not return passwordHash","invocations":1,"location":null,"numPassingAsserts":6,"retryReasons":[],"status":"passed","title":"GET /users/me does not return passwordHash"},{"ancestorTitles":["Sensitive data exposure"],"duration":1,"failureDetails":[],"failureMessages":[],"fullName":"Sensitive data exposure GET /users/:id does not return passwordHash","invocations":1,"location":null,"numPassingAsserts":2,"retryReasons":[],"status":"passed","title":"GET /users/:id does not return passwordHash"},{"ancestorTitles":["Sensitive data exposure"],"duration":0,"failureDetails":[],"failureMessages":[],"fullName":"Sensitive data exposure error response does not contain stack trace","invocations":1,"location":null,"numPassingAsserts":3,"retryReasons":[],"status":"passed","title":"error response does not contain stack trace"},{"ancestorTitles":["Sensitive data exposure"],"duration":1,"failureDetails":[],"failureMessages":[],"fullName":"Sensitive data exposure login error does not expose password value in response","invocations":1,"location":null,"numPassingAsserts":2,"retryReasons":[],"status":"passed","title":"login error does not expose password value in response"}],"endTime":1777382493648,"message":"","name":"/Users/bechorsimhaev/Desktop/code/qa-skills/test/fixtures/typescript-express/tests/security/auth.security.test.ts","startTime":1777382493607,"status":"passed","summary":""},{"assertionResults":[{"ancestorTitles":["POST /auth/login"],"duration":2,"failureDetails":[],"failureMessages":[],"fullName":"POST /auth/login returns 200 with token and refreshToken for valid credentials","invocations":1,"location":null,"numPassingAsserts":4,"retryReasons":[],"status":"passed","title":"returns 200 with token and refreshToken for valid credentials"},{"ancestorTitles":["POST /auth/login"],"duration":1,"failureDetails":[],"failureMessages":[],"fullName":"POST /auth/login returns 401 for wrong password","invocations":1,"location":null,"numPassingAsserts":3,"retryReasons":[],"status":"passed","title":"returns 401 for wrong password"},{"ancestorTitles":["POST /auth/login"],"duration":1,"failureDetails":[],"failureMessages":[],"fullName":"POST /auth/login returns 401 for non-existent email","invocations":1,"location":null,"numPassingAsserts":2,"retryReasons":[],"status":"passed","title":"returns 401 for non-existent email"},{"ancestorTitles":["POST /auth/login"],"duration":0,"failureDetails":[],"failureMessages":[],"fullName":"POST /auth/login returns 401 for missing email","invocations":1,"location":null,"numPassingAsserts":2,"retryReasons":[],"status":"passed","title":"returns 401 for missing email"},{"ancestorTitles":["POST /auth/login"],"duration":0,"failureDetails":[],"failureMessages":[],"fullName":"POST /auth/login returns 401 for missing password","invocations":1,"location":null,"numPassingAsserts":2,"retryReasons":[],"status":"passed","title":"returns 401 for missing password"},{"ancestorTitles":["POST /auth/login"],"duration":1,"failureDetails":[],"failureMessages":[],"fullName":"POST /auth/login returns 401 for empty body","invocations":1,"location":null,"numPassingAsserts":1,"retryReasons":[],"status":"passed","title":"returns 401 for empty body"},{"ancestorTitles":["POST /auth/login"],"duration":0,"failureDetails":[],"failureMessages":[],"fullName":"POST /auth/login does not expose password or hash in error response","invocations":1,"location":null,"numPassingAsserts":3,"retryReasons":[],"status":"passed","title":"does not expose password or hash in error response"},{"ancestorTitles":["POST /auth/login"],"duration":1,"failureDetails":[],"failureMessages":[],"fullName":"POST /auth/login does not expose stack trace on error","invocations":1,"location":null,"numPassingAsserts":2,"retryReasons":[],"status":"passed","title":"does not expose stack trace on error"},{"ancestorTitles":["POST /auth/login"],"duration":0,"failureDetails":[],"failureMessages":[],"fullName":"POST /auth/login returns consistent error shape","invocations":1,"location":null,"numPassingAsserts":1,"retryReasons":[],"status":"passed","title":"returns consistent error shape"},{"ancestorTitles":["POST /auth/refresh"],"duration":1,"failureDetails":[],"failureMessages":[],"fullName":"POST /auth/refresh returns 200 with new token for valid refresh token","invocations":1,"location":null,"numPassingAsserts":2,"retryReasons":[],"status":"passed","title":"returns 200 with new token for valid refresh token"},{"ancestorTitles":["POST /auth/refresh"],"duration":0,"failureDetails":[],"failureMessages":[],"fullName":"POST /auth/refresh returns 401 for invalid refresh token","invocations":1,"location":null,"numPassingAsserts":2,"retryReasons":[],"status":"passed","title":"returns 401 for invalid refresh token"},{"ancestorTitles":["POST /auth/refresh"],"duration":0,"failureDetails":[],"failureMessages":[],"fullName":"POST /auth/refresh returns 401 for expired refresh token","invocations":1,"location":null,"numPassingAsserts":1,"retryReasons":[],"status":"passed","title":"returns 401 for expired refresh token"},{"ancestorTitles":["POST /auth/refresh"],"duration":0,"failureDetails":[],"failureMessages":[],"fullName":"POST /auth/refresh returns 401 for missing refreshToken field","invocations":1,"location":null,"numPassingAsserts":1,"retryReasons":[],"status":"passed","title":"returns 401 for missing refreshToken field"},{"ancestorTitles":["POST /auth/logout"],"duration":0,"failureDetails":[],"failureMessages":[],"fullName":"POST /auth/logout returns 200 with success: true","invocations":1,"location":null,"numPassingAsserts":2,"retryReasons":[],"status":"passed","title":"returns 200 with success: true"},{"ancestorTitles":["POST /auth/logout"],"duration":1,"failureDetails":[],"failureMessages":[],"fullName":"POST /auth/logout succeeds without Authorization header (stateless logout)","invocations":1,"location":null,"numPassingAsserts":1,"retryReasons":[],"status":"passed","title":"succeeds without Authorization header (stateless logout)"}],"endTime":1777382493681,"message":"","name":"/Users/bechorsimhaev/Desktop/code/qa-skills/test/fixtures/typescript-express/tests/api/auth.api.test.ts","startTime":1777382493649,"status":"passed","summary":""}],"wasInterrupted":false}
